#
# A fatal error has been detected by the Java Runtime Environment:
#
#  SIGSEGV (0xb) at pc=0x0000000104405bd7, pid=1551, tid=5858439168
#
# JRE version: 7.0_05-b06
# Java VM: Java HotSpot(TM) 64-Bit Server VM (23.1-b03 mixed mode bsd-amd64 compressed oops)
# Problematic frame:
# V  [libjvm.dylib+0x131bd7]
#
# Failed to write core dump. Core dumps have been disabled. To enable core dumping, try "ulimit -c unlimited" before starting Java again
#
# If you would like to submit a bug report, please visit:
#   http://bugreport.sun.com/bugreport/crash.jsp
#

---------------  T H R E A D  ---------------

Current thread (0x00007fc78d82b800):  JavaThread "C2 CompilerThread1" daemon [_thread_in_native, id=1563471872, stack(0x000000015d20b000,0x000000015d30b000)]

siginfo:si_signo=SIGSEGV: si_errno=0, si_code=1 (SEGV_MAPERR), si_addr=0x0000000000000000

Registers:
RAX=0x00007fc78c9fa5b8, RBX=0x00007fc78c9c26d0, RCX=0x00007fc78c9c4b50, RDX=0x00007fc78c9c26d0
RSP=0x000000015d308f10, RBP=0x000000015d309030, RSI=0x00007fc78da402e0, RDI=0x0000000000000000
R8 =0x00007fc78c9fa568, R9 =0x0000000000000001, R10=0x00007fc78c00ed90, R11=0x00007fc78b8419b8
R12=0x0000000000000000, R13=0x00007fc78c9c4b50, R14=0x00007fc78c9fa568, R15=0x000000015d309040
RIP=0x0000000104405bd7, EFLAGS=0x0000000000010246, ERR=0x0000000000000004
  TRAPNO=0x000000000000000e

Top of Stack: (sp=0x000000015d308f10)
0x000000015d308f10:   000000015d308f20 00000001047525cb
0x000000015d308f20:   000000015d308f80 00000001044bab16
0x000000015d308f30:   000000000000000c 00000000000056e4
0x000000015d308f40:   00007fc78b841b18 000000000000000c
0x000000015d308f50:   00007fc78b841898 00007fc78b841b18
0x000000015d308f60:   00007fc78c9c4b50 00007fc78da402e0
0x000000015d308f70:   00007fc78b841b18 00007fc78c43e200
0x000000015d308f80:   00007fc78b83f360 0000000000000000
0x000000015d308f90:   000000015d308fa0 00000001047525cb
0x000000015d308fa0:   000000015d309000 00000001046d0089
0x000000015d308fb0:   00007fc78c9c29c8 00007fc78c9c28a0
0x000000015d308fc0:   000000015d308fe0 000000010441ced5
0x000000015d308fd0:   0000000000000011 0000000000000011
0x000000015d308fe0:   000000015d309010 000000010441d02f
0x000000015d308ff0:   000000015d309000 0000000000000011
0x000000015d309000:   00007fc78c9c26d0 00007fc78c9c4b50
0x000000015d309010:   0000000000000000 00007fc78c9c4b50
0x000000015d309020:   00007fc78c9c4b50 00000000ffffffff
0x000000015d309030:   000000015d309090 0000000104405dcb
0x000000015d309040:   0000000000000000 ffffffff00006502
0x000000015d309050:   000000015d3091e0 0000000000000000
0x000000015d309060:   000000015d309200 00007fc78d82b800
0x000000015d309070:   0000000000000000 000000015d3093d8
0x000000015d309080:   00007fc78c9c4b50 00007fc78da402e0
0x000000015d309090:   000000015d309200 00000001044c1823
0x000000015d3090a0:   0000000000000000 ffffffff00006502
0x000000015d3090b0:   000000015d3091e0 0000000000000000
0x000000015d3090c0:   000000015d309200 00007fc78d82b800
0x000000015d3090d0:   0000000000000000 000000015d3093d8
0x000000015d3090e0:   00007fc78c9c4b50 000000b6080bdff0
0x000000015d3090f0:   0000000100006502 00007fc78c9c26d0
0x000000015d309100:   00000001fffffffc 3f80000000000000 

Instructions: (pc=0x0000000104405bd7)
0x0000000104405bb7:   e9 ce 01 00 00 4c 89 f7 ff 10 3d b2 00 00 00 75
0x0000000104405bc7:   ed 41 83 7e 18 03 75 e6 49 8b 46 08 48 8b 78 08
0x0000000104405bd7:   48 8b 07 ff 10 83 f8 4a 75 d4 49 8b 46 08 48 8b
0x0000000104405be7:   78 10 48 8b 07 ff 10 83 f8 4a 75 c2 49 8b 46 08 

Register to memory mapping:

RAX=0x00007fc78c9fa5b8 is an unknown value
RBX=0x00007fc78c9c26d0 is an unknown value
RCX=0x00007fc78c9c4b50 is an unknown value
RDX=0x00007fc78c9c26d0 is an unknown value
RSP=0x000000015d308f10 is pointing into the stack for thread: 0x00007fc78d82b800
RBP=0x000000015d309030 is pointing into the stack for thread: 0x00007fc78d82b800
RSI=0x00007fc78da402e0 is an unknown value
RDI=0x0000000000000000 is an unknown value
R8 =0x00007fc78c9fa568 is an unknown value
R9 =0x0000000000000001 is an unknown value
R10=0x00007fc78c00ed90 is an unknown value
R11=0x00007fc78b8419b8 is an unknown value
R12=0x0000000000000000 is an unknown value
R13=0x00007fc78c9c4b50 is an unknown value
R14=0x00007fc78c9fa568 is an unknown value
R15=0x000000015d309040 is pointing into the stack for thread: 0x00007fc78d82b800


Stack: [0x000000015d20b000,0x000000015d30b000],  sp=0x000000015d308f10,  free space=1015k
Native frames: (J=compiled Java code, j=interpreted, Vv=VM code, C=native code)
V  [libjvm.dylib+0x131bd7]
V  [libjvm.dylib+0x131dcb]
V  [libjvm.dylib+0x1ed823]
V  [libjvm.dylib+0x1eeb72]
V  [libjvm.dylib+0x3d028b]
V  [libjvm.dylib+0x3c66da]
V  [libjvm.dylib+0x3c69fa]
V  [libjvm.dylib+0x3c84cd]
V  [libjvm.dylib+0x12f977]
V  [libjvm.dylib+0x18247f]
V  [libjvm.dylib+0x12f40d]
V  [libjvm.dylib+0x184c25]
V  [libjvm.dylib+0x1867b7]
V  [libjvm.dylib+0x4765cc]
V  [libjvm.dylib+0x477ab2]
V  [libjvm.dylib+0x3b3b39]
C  [libsystem_c.dylib+0x147a2]  _pthread_start+0x147
C  [libsystem_c.dylib+0x11e1]  thread_start+0xd


Current CompileTask:
C2:    660    2 % !         br.com.caelum.vraptor.MethodHandlerComparison$1::run @ 5 (38 bytes)


---------------  P R O C E S S  ---------------

Java Threads: ( => current thread )
  0x00007fc78c856000 JavaThread "Service Thread" daemon [_thread_blocked, id=1564532736, stack(0x000000015d30e000,0x000000015d40e000)]
=>0x00007fc78d82b800 JavaThread "C2 CompilerThread1" daemon [_thread_in_native, id=1563471872, stack(0x000000015d20b000,0x000000015d30b000)]
  0x00007fc78d82a000 JavaThread "C2 CompilerThread0" daemon [_thread_blocked, id=1562411008, stack(0x000000015d108000,0x000000015d208000)]
  0x00007fc78d826800 JavaThread "JDWP Command Reader" daemon [_thread_in_native, id=1561350144, stack(0x000000015d005000,0x000000015d105000)]
  0x00007fc78c84b000 JavaThread "JDWP Event Helper Thread" daemon [_thread_blocked, id=1560289280, stack(0x000000015cf02000,0x000000015d002000)]
  0x00007fc78c84a000 JavaThread "JDWP Transport Listener: dt_socket" daemon [_thread_blocked, id=1559228416, stack(0x000000015cdff000,0x000000015ceff000)]
  0x00007fc78c809000 JavaThread "Signal Dispatcher" daemon [_thread_blocked, id=1558142976, stack(0x000000015ccf6000,0x000000015cdf6000)]
  0x00007fc78c844000 JavaThread "Finalizer" daemon [_thread_blocked, id=1555722240, stack(0x000000015caa7000,0x000000015cba7000)]
  0x00007fc78d005800 JavaThread "Reference Handler" daemon [_thread_blocked, id=1554661376, stack(0x000000015c9a4000,0x000000015caa4000)]
  0x00007fc78c801000 JavaThread "main" [_thread_in_Java, id=82268160, stack(0x0000000104d75000,0x0000000104e75000)]

Other Threads:
  0x00007fc78d80e800 VMThread [stack: 0x000000015c8a1000,0x000000015c9a1000] [id=1553600512]
  0x00007fc78b828000 WatcherThread [stack: 0x000000015d411000,0x000000015d511000] [id=1565593600]

VM state:not at safepoint (normal execution)

VM Mutex/Monitor currently owned by a thread: None

Heap
 PSYoungGen      total 22272K, used 11100K [0x000000013ee60000, 0x0000000140730000, 0x0000000157c60000)
  eden space 19136K, 58% used [0x000000013ee60000,0x000000013f937080,0x0000000140110000)
  from space 3136K, 0% used [0x0000000140420000,0x0000000140420000,0x0000000140730000)
  to   space 3136K, 0% used [0x0000000140110000,0x0000000140110000,0x0000000140420000)
 ParOldGen       total 50944K, used 0K [0x000000010d260000, 0x0000000110420000, 0x000000013ee60000)
  object space 50944K, 0% used [0x000000010d260000,0x000000010d260000,0x0000000110420000)
 PSPermGen       total 21248K, used 2792K [0x0000000108060000, 0x0000000109520000, 0x000000010d260000)
  object space 21248K, 13% used [0x0000000108060000,0x000000010831a378,0x0000000109520000)

Code Cache  [0x0000000104f8b000, 0x00000001051fb000, 0x0000000107f8b000)
 total_blobs=275 nmethods=97 adapters=138 free_code_cache=48560Kb largest_free_block=49700544

Compilation events (10 events):
Event: 0.652 Thread 0x00007fc78d82b800 nmethod 92 0x000000010501b8d0 code [0x000000010501ba00, 0x000000010501ba78]
Event: 0.652 Thread 0x00007fc78d82b800   93             java.lang.invoke.MemberName::isVarargs (23 bytes)
Event: 0.652 Thread 0x00007fc78d82a000 nmethod 90 0x0000000105018590 code [0x00000001050186e0, 0x0000000105018798]
Event: 0.652 Thread 0x00007fc78d82a000   94             java.lang.invoke.MethodHandles$Lookup::restrictProtectedReceiver (63 bytes)
Event: 0.653 Thread 0x00007fc78d82b800 nmethod 93 0x0000000105024ed0 code [0x0000000105025020, 0x00000001050250c8]
Event: 0.653 Thread 0x00007fc78d82b800   95             java.lang.invoke.MemberName::isProtected (8 bytes)
Event: 0.653 Thread 0x00007fc78d82b800 nmethod 95 0x0000000105024cd0 code [0x0000000105024e00, 0x0000000105024e78]
Event: 0.653 Thread 0x00007fc78d82b800   96             br.com.caelum.vraptor.MethodHandlerComparison$MethodAccessExampleWithArgs::bar (11 bytes)
Event: 0.653 Thread 0x00007fc78d82b800 nmethod 96 0x0000000105024ad0 code [0x0000000105024c00, 0x0000000105024c58]
Event: 0.653 Thread 0x00007fc78d82b800    2 % !         br.com.caelum.vraptor.MethodHandlerComparison$1::run @ 5 (38 bytes)

GC Heap History (0 events):
No events

Deoptimization events (0 events):
No events

Internal exceptions (10 events):
Event: 0.232 Thread 0x00007fc78c801000 Threw 0x000000013ef0a600 at /HUDSON/workspace/jdk7u5-2-build-macosx-amd64-product/jdk7u5/hotspot/src/share/vm/prims/jvm.cpp:1166
Event: 0.233 Thread 0x00007fc78c801000 Threw 0x000000013ef0b080 at /HUDSON/workspace/jdk7u5-2-build-macosx-amd64-product/jdk7u5/hotspot/src/share/vm/prims/jni.cpp:715
Event: 0.233 Thread 0x00007fc78c801000 Threw 0x000000013ef0b1a0 at /HUDSON/workspace/jdk7u5-2-build-macosx-amd64-product/jdk7u5/hotspot/src/share/vm/prims/jvm.cpp:1166
Event: 0.233 Thread 0x00007fc78c801000 Threw 0x000000013ef0b2c8 at /HUDSON/workspace/jdk7u5-2-build-macosx-amd64-product/jdk7u5/hotspot/src/share/vm/prims/jvm.cpp:1166
Event: 0.236 Thread 0x00007fc78c801000 Threw 0x000000013ef1d8d0 at /HUDSON/workspace/jdk7u5-2-build-macosx-amd64-product/jdk7u5/hotspot/src/share/vm/prims/jni.cpp:715
Event: 0.236 Thread 0x00007fc78c801000 Threw 0x000000013ef1d9f0 at /HUDSON/workspace/jdk7u5-2-build-macosx-amd64-product/jdk7u5/hotspot/src/share/vm/prims/jvm.cpp:1166
Event: 0.236 Thread 0x00007fc78c801000 Threw 0x000000013ef1db18 at /HUDSON/workspace/jdk7u5-2-build-macosx-amd64-product/jdk7u5/hotspot/src/share/vm/prims/jvm.cpp:1166
Event: 0.236 Thread 0x00007fc78c801000 Threw 0x000000013ef1dd68 at /HUDSON/workspace/jdk7u5-2-build-macosx-amd64-product/jdk7u5/hotspot/src/share/vm/prims/jvm.cpp:1166
Event: 0.241 Thread 0x00007fc78c801000 Threw 0x000000013ef88320 at /HUDSON/workspace/jdk7u5-2-build-macosx-amd64-product/jdk7u5/hotspot/src/share/vm/prims/jvm.cpp:1166
Event: 0.242 Thread 0x00007fc78c801000 Threw 0x000000013ef8bb80 at /HUDSON/workspace/jdk7u5-2-build-macosx-amd64-product/jdk7u5/hotspot/src/share/vm/prims/jvm.cpp:1166

Events (10 events):
Event: 0.245 loading class 0x00007fc78c4016f0
Event: 0.245 loading class 0x00007fc78c4016f0 done
Event: 0.245 loading class 0x00007fc78c403730
Event: 0.246 loading class 0x00007fc78c403730 done
Event: 0.246 loading class 0x00007fc78b43ad00
Event: 0.246 loading class 0x00007fc78b43ad00 done
Event: 0.247 loading class 0x00007fc78c444c80
Event: 0.247 loading class 0x00007fc78c444c80 done
Event: 0.316 loading class 0x00007fc78c018540
Event: 0.316 loading class 0x00007fc78c018540 done


Dynamic libraries:
0x000000000994d000 	/System/Library/Frameworks/Cocoa.framework/Versions/A/Cocoa
0x000000000994d000 	/System/Library/Frameworks/Security.framework/Versions/A/Security
0x000000000994d000 	/System/Library/Frameworks/ApplicationServices.framework/Versions/A/ApplicationServices
0x000000000994d000 	/usr/lib/libz.1.dylib
0x000000000994d000 	/usr/lib/libSystem.B.dylib
0x000000000994d000 	/usr/lib/libobjc.A.dylib
0x000000000994d000 	/System/Library/Frameworks/CoreFoundation.framework/Versions/A/CoreFoundation
0x000000000994d000 	/System/Library/Frameworks/AppKit.framework/Versions/C/AppKit
0x000000000994d000 	/System/Library/Frameworks/CoreData.framework/Versions/A/CoreData
0x000000000994d000 	/System/Library/Frameworks/Foundation.framework/Versions/C/Foundation
0x000000000994d000 	/System/Library/PrivateFrameworks/RemoteViewServices.framework/Versions/A/RemoteViewServices
0x000000000994d000 	/System/Library/Frameworks/AudioToolbox.framework/Versions/A/AudioToolbox
0x000000000994d000 	/System/Library/Frameworks/AudioUnit.framework/Versions/A/AudioUnit
0x000000000994d000 	/System/Library/PrivateFrameworks/DataDetectorsCore.framework/Versions/A/DataDetectorsCore
0x000000000994d000 	/System/Library/PrivateFrameworks/DesktopServicesPriv.framework/Versions/A/DesktopServicesPriv
0x000000000994d000 	/System/Library/Frameworks/Carbon.framework/Versions/A/Frameworks/HIToolbox.framework/Versions/A/HIToolbox
0x000000000994d000 	/System/Library/Frameworks/QuartzCore.framework/Versions/A/QuartzCore
0x000000000994d000 	/System/Library/Frameworks/Carbon.framework/Versions/A/Frameworks/SpeechRecognition.framework/Versions/A/SpeechRecognition
0x000000000994d000 	/usr/lib/libauto.dylib
0x000000000994d000 	/usr/lib/libicucore.A.dylib
0x000000000994d000 	/usr/lib/libxml2.2.dylib
0x000000000994d000 	/System/Library/PrivateFrameworks/CoreUI.framework/Versions/A/CoreUI
0x000000000994d000 	/System/Library/Frameworks/CoreAudio.framework/Versions/A/CoreAudio
0x000000000994d000 	/System/Library/Frameworks/DiskArbitration.framework/Versions/A/DiskArbitration
0x000000000994d000 	/usr/lib/liblangid.dylib
0x000000000994d000 	/System/Library/PrivateFrameworks/MultitouchSupport.framework/Versions/A/MultitouchSupport
0x000000000994d000 	/System/Library/Frameworks/IOKit.framework/Versions/A/IOKit
0x000000000994d000 	/usr/lib/libDiagnosticMessagesClient.dylib
0x000000000994d000 	/System/Library/Frameworks/CoreServices.framework/Versions/A/CoreServices
0x000000000994d000 	/System/Library/PrivateFrameworks/PerformanceAnalysis.framework/Versions/A/PerformanceAnalysis
0x000000000994d000 	/System/Library/PrivateFrameworks/GenerationalStorage.framework/Versions/A/GenerationalStorage
0x000000000994d000 	/System/Library/Frameworks/OpenGL.framework/Versions/A/OpenGL
0x000000000994d000 	/System/Library/Frameworks/CoreText.framework/Versions/A/CoreText
0x000000000994d000 	/System/Library/Frameworks/ImageIO.framework/Versions/A/ImageIO
0x000000000994d000 	/System/Library/PrivateFrameworks/Backup.framework/Versions/A/Backup
0x000000000994d000 	/System/Library/Frameworks/CFNetwork.framework/Versions/A/CFNetwork
0x000000000994d000 	/System/Library/Frameworks/SystemConfiguration.framework/Versions/A/SystemConfiguration
0x000000000994d000 	/usr/lib/libCRFSuite.dylib
0x000000000994d000 	/System/Library/PrivateFrameworks/TCC.framework/Versions/A/TCC
0x000000000994d000 	/usr/lib/libc++.1.dylib
0x000000000994d000 	/usr/lib/libc++abi.dylib
0x000000000994d000 	/usr/lib/system/libcache.dylib
0x000000000994d000 	/usr/lib/system/libcommonCrypto.dylib
0x000000000994d000 	/usr/lib/system/libcompiler_rt.dylib
0x000000000994d000 	/usr/lib/system/libcopyfile.dylib
0x000000000994d000 	/usr/lib/system/libdispatch.dylib
0x000000000994d000 	/usr/lib/system/libdnsinfo.dylib
0x000000000994d000 	/usr/lib/system/libdyld.dylib
0x000000000994d000 	/usr/lib/system/libkeymgr.dylib
0x000000000994d000 	/usr/lib/system/liblaunch.dylib
0x000000000994d000 	/usr/lib/system/libmacho.dylib
0x000000000994d000 	/usr/lib/system/libquarantine.dylib
0x000000000994d000 	/usr/lib/system/libremovefile.dylib
0x000000000994d000 	/usr/lib/system/libsystem_blocks.dylib
0x000000000994d000 	/usr/lib/system/libsystem_c.dylib
0x000000000994d000 	/usr/lib/system/libsystem_dnssd.dylib
0x000000000994d000 	/usr/lib/system/libsystem_info.dylib
0x000000000994d000 	/usr/lib/system/libsystem_kernel.dylib
0x000000000994d000 	/usr/lib/system/libsystem_m.dylib
0x000000000994d000 	/usr/lib/system/libsystem_network.dylib
0x000000000994d000 	/usr/lib/system/libsystem_notify.dylib
0x000000000994d000 	/usr/lib/system/libsystem_sandbox.dylib
0x000000000994d000 	/usr/lib/system/libunc.dylib
0x000000000994d000 	/usr/lib/system/libunwind.dylib
0x000000000994d000 	/usr/lib/system/libxpc.dylib
0x000000000994d000 	/usr/lib/system/libcorecrypto.dylib
0x000000000994d000 	/usr/lib/libstdc++.6.dylib
0x000000000994d000 	/usr/lib/libbsm.0.dylib
0x000000000994d000 	/usr/lib/libsqlite3.dylib
0x000000000994d000 	/usr/lib/libxar.1.dylib
0x000000000994d000 	/usr/lib/libpam.2.dylib
0x000000000994d000 	/usr/lib/libOpenScriptingUtil.dylib
0x000000000994d000 	/usr/lib/libbz2.1.0.dylib
0x000000000994d000 	/System/Library/Frameworks/CoreServices.framework/Versions/A/Frameworks/CarbonCore.framework/Versions/A/CarbonCore
0x000000000994d000 	/System/Library/Frameworks/CoreServices.framework/Versions/A/Frameworks/Metadata.framework/Versions/A/Metadata
0x000000000994d000 	/System/Library/Frameworks/CoreServices.framework/Versions/A/Frameworks/OSServices.framework/Versions/A/OSServices
0x000000000994d000 	/System/Library/Frameworks/CoreServices.framework/Versions/A/Frameworks/SearchKit.framework/Versions/A/SearchKit
0x000000000994d000 	/System/Library/Frameworks/CoreServices.framework/Versions/A/Frameworks/AE.framework/Versions/A/AE
0x000000000994d000 	/System/Library/Frameworks/CoreServices.framework/Versions/A/Frameworks/LaunchServices.framework/Versions/A/LaunchServices
0x000000000994d000 	/System/Library/Frameworks/CoreServices.framework/Versions/A/Frameworks/DictionaryServices.framework/Versions/A/DictionaryServices
0x000000000994d000 	/System/Library/Frameworks/NetFS.framework/Versions/A/NetFS
0x000000000994d000 	/usr/lib/system/libkxld.dylib
0x000000000994d000 	/System/Library/PrivateFrameworks/NetAuth.framework/Versions/A/NetAuth
0x000000000994d000 	/System/Library/Frameworks/OpenDirectory.framework/Versions/A/Frameworks/CFOpenDirectory.framework/Versions/A/CFOpenDirectory
0x000000000994d000 	/usr/lib/libxslt.1.dylib
0x000000000994d000 	/System/Library/PrivateFrameworks/FamilyControls.framework/Versions/A/FamilyControls
0x000000000994d000 	/System/Library/Frameworks/Carbon.framework/Versions/A/Frameworks/Ink.framework/Versions/A/Ink
0x000000000994d000 	/System/Library/Frameworks/ApplicationServices.framework/Versions/A/Frameworks/CoreGraphics.framework/Versions/A/CoreGraphics
0x000000000994d000 	/System/Library/Frameworks/ApplicationServices.framework/Versions/A/Frameworks/ATS.framework/Versions/A/ATS
0x000000000994d000 	/System/Library/Frameworks/ApplicationServices.framework/Versions/A/Frameworks/ColorSync.framework/Versions/A/ColorSync
0x000000000994d000 	/System/Library/Frameworks/ApplicationServices.framework/Versions/A/Frameworks/HIServices.framework/Versions/A/HIServices
0x000000000994d000 	/System/Library/Frameworks/ApplicationServices.framework/Versions/A/Frameworks/LangAnalysis.framework/Versions/A/LangAnalysis
0x000000000994d000 	/System/Library/Frameworks/ApplicationServices.framework/Versions/A/Frameworks/PrintCore.framework/Versions/A/PrintCore
0x000000000994d000 	/System/Library/Frameworks/ApplicationServices.framework/Versions/A/Frameworks/QD.framework/Versions/A/QD
0x000000000994d000 	/System/Library/Frameworks/ApplicationServices.framework/Versions/A/Frameworks/SpeechSynthesis.framework/Versions/A/SpeechSynthesis
0x000000000994d000 	/System/Library/Frameworks/IOSurface.framework/Versions/A/IOSurface
0x000000000994d000 	/System/Library/Frameworks/Accelerate.framework/Versions/A/Accelerate
0x000000000994d000 	/System/Library/Frameworks/ApplicationServices.framework/Versions/A/Frameworks/ATS.framework/Versions/A/Resources/libFontParser.dylib
0x000000000994d000 	/System/Library/Frameworks/ApplicationServices.framework/Versions/A/Frameworks/ATS.framework/Versions/A/Resources/libFontRegistry.dylib
0x000000000994d000 	/System/Library/Frameworks/Accelerate.framework/Versions/A/Frameworks/vImage.framework/Versions/A/vImage
0x000000000994d000 	/System/Library/Frameworks/Accelerate.framework/Versions/A/Frameworks/vecLib.framework/Versions/A/vecLib
0x000000000994d000 	/System/Library/Frameworks/Accelerate.framework/Versions/A/Frameworks/vecLib.framework/Versions/A/libvDSP.dylib
0x000000000994d000 	/System/Library/Frameworks/Accelerate.framework/Versions/A/Frameworks/vecLib.framework/Versions/A/libvMisc.dylib
0x000000000994d000 	/System/Library/Frameworks/Accelerate.framework/Versions/A/Frameworks/vecLib.framework/Versions/A/libLAPACK.dylib
0x000000000994d000 	/System/Library/Frameworks/Accelerate.framework/Versions/A/Frameworks/vecLib.framework/Versions/A/libBLAS.dylib
0x000000000994d000 	/System/Library/Frameworks/ImageIO.framework/Versions/A/Resources/libJPEG.dylib
0x000000000994d000 	/System/Library/Frameworks/ImageIO.framework/Versions/A/Resources/libTIFF.dylib
0x000000000994d000 	/System/Library/Frameworks/ImageIO.framework/Versions/A/Resources/libPng.dylib
0x000000000994d000 	/System/Library/Frameworks/ImageIO.framework/Versions/A/Resources/libGIF.dylib
0x000000000994d000 	/System/Library/Frameworks/ImageIO.framework/Versions/A/Resources/libJP2.dylib
0x000000000994d000 	/System/Library/Frameworks/ImageIO.framework/Versions/A/Resources/libRadiance.dylib
0x000000000994d000 	/usr/lib/libcups.2.dylib
0x000000000994d000 	/System/Library/Frameworks/Kerberos.framework/Versions/A/Kerberos
0x000000000994d000 	/System/Library/Frameworks/GSS.framework/Versions/A/GSS
0x000000000994d000 	/usr/lib/libresolv.9.dylib
0x000000000994d000 	/usr/lib/libiconv.2.dylib
0x000000000994d000 	/System/Library/PrivateFrameworks/Heimdal.framework/Versions/A/Heimdal
0x000000000994d000 	/System/Library/PrivateFrameworks/TrustEvaluationAgent.framework/Versions/A/TrustEvaluationAgent
0x000000000994d000 	/System/Library/Frameworks/OpenDirectory.framework/Versions/A/OpenDirectory
0x000000000994d000 	/System/Library/PrivateFrameworks/CommonAuth.framework/Versions/A/CommonAuth
0x000000000994d000 	/System/Library/PrivateFrameworks/Bom.framework/Versions/A/Bom
0x000000000994d000 	/System/Library/Frameworks/CoreVideo.framework/Versions/A/CoreVideo
0x000000000994d000 	/System/Library/Frameworks/QuartzCore.framework/Versions/A/Frameworks/CoreImage.framework/Versions/A/CoreImage
0x000000000994d000 	/System/Library/Frameworks/QuartzCore.framework/Versions/A/Frameworks/ScalableUserInterface.framework/Versions/A/ScalableUserInterface
0x000000000994d000 	/System/Library/Frameworks/OpenGL.framework/Versions/A/Libraries/libGLU.dylib
0x000000000994d000 	/System/Library/Frameworks/OpenGL.framework/Versions/A/Libraries/libGFXShared.dylib
0x000000000994d000 	/System/Library/Frameworks/OpenGL.framework/Versions/A/Libraries/libGL.dylib
0x000000000994d000 	/System/Library/Frameworks/OpenGL.framework/Versions/A/Libraries/libGLImage.dylib
0x000000000994d000 	/System/Library/Frameworks/OpenGL.framework/Versions/A/Libraries/libCVMSPluginSupport.dylib
0x000000000994d000 	/System/Library/Frameworks/OpenGL.framework/Versions/A/Libraries/libCoreVMClient.dylib
0x000000000994d000 	/System/Library/PrivateFrameworks/CrashReporterSupport.framework/Versions/A/CrashReporterSupport
0x000000000994d000 	/System/Library/Frameworks/OpenCL.framework/Versions/A/OpenCL
0x000000000994d000 	/System/Library/PrivateFrameworks/FaceCoreLight.framework/Versions/A/FaceCoreLight
0x000000000994d000 	/System/Library/PrivateFrameworks/AppleFSCompression.framework/Versions/A/AppleFSCompression
0x000000000994d000 	/System/Library/PrivateFrameworks/Ubiquity.framework/Versions/A/Ubiquity
0x000000000994d000 	/System/Library/Frameworks/ServiceManagement.framework/Versions/A/ServiceManagement
0x000000000994d000 	/System/Library/PrivateFrameworks/ChunkingLibrary.framework/Versions/A/ChunkingLibrary
0x000000000994d000 	/System/Library/Frameworks/vecLib.framework/Versions/A/vecLib
0x000000000994d000 	/System/Library/Frameworks/SecurityFoundation.framework/Versions/A/SecurityFoundation
0x000000000994d000 	/System/Library/PrivateFrameworks/CommerceKit.framework/Versions/A/Frameworks/CommerceCore.framework/Versions/A/CommerceCore
0x000000000994d000 	/System/Library/PrivateFrameworks/CoreSymbolication.framework/Versions/A/CoreSymbolication
0x000000000994d000 	/System/Library/PrivateFrameworks/Symbolication.framework/Versions/A/Symbolication
0x000000000994d000 	/System/Library/PrivateFrameworks/DebugSymbols.framework/Versions/A/DebugSymbols
0x00000001042d4000 	/Library/Java/JavaVirtualMachines/1.7.0.jdk/Contents/Home/jre/lib/server/libjvm.dylib
0x0000000104e77000 	/Library/Java/JavaVirtualMachines/1.7.0.jdk/Contents/Home/jre/lib/libverify.dylib
0x0000000104e84000 	/Library/Java/JavaVirtualMachines/1.7.0.jdk/Contents/Home/jre/lib/libjava.dylib
0x0000000104eb5000 	/Library/Java/JavaVirtualMachines/1.7.0.jdk/Contents/Home/jre/lib/libjdwp.dylib
0x0000000104ef2000 	/Library/Java/JavaVirtualMachines/1.7.0.jdk/Contents/Home/jre/lib/./libnpt.dylib
0x0000000104f82000 	/Library/Java/JavaVirtualMachines/1.7.0.jdk/Contents/Home/jre/lib/libzip.dylib
0x000000015cba9000 	/System/Library/Frameworks/JavaVM.framework/Frameworks/JavaRuntimeSupport.framework/JavaRuntimeSupport
0x000000015cbc1000 	/System/Library/Frameworks/JavaVM.framework/Versions/A/Frameworks/JavaNativeFoundation.framework/Versions/A/JavaNativeFoundation
0x000000015cbd6000 	/System/Library/Frameworks/JavaVM.framework/Versions/A/JavaVM
0x000000000994d000 	/System/Library/Frameworks/Carbon.framework/Versions/A/Carbon
0x000000015cbe3000 	/System/Library/PrivateFrameworks/JavaLaunching.framework/Versions/A/JavaLaunching
0x000000000994d000 	/System/Library/Frameworks/Carbon.framework/Versions/A/Frameworks/CommonPanels.framework/Versions/A/CommonPanels
0x000000000994d000 	/System/Library/Frameworks/Carbon.framework/Versions/A/Frameworks/Help.framework/Versions/A/Help
0x000000000994d000 	/System/Library/Frameworks/Carbon.framework/Versions/A/Frameworks/ImageCapture.framework/Versions/A/ImageCapture
0x000000000994d000 	/System/Library/Frameworks/Carbon.framework/Versions/A/Frameworks/OpenScripting.framework/Versions/A/OpenScripting
0x000000000994d000 	/System/Library/Frameworks/Carbon.framework/Versions/A/Frameworks/Print.framework/Versions/A/Print
0x000000000994d000 	/System/Library/Frameworks/Carbon.framework/Versions/A/Frameworks/SecurityHI.framework/Versions/A/SecurityHI
0x000000015cdf8000 	/Library/Java/JavaVirtualMachines/1.7.0.jdk/Contents/Home/jre/lib/libdt_socket.dylib

VM Arguments:
jvm_args: -agentlib:jdwp=transport=dt_socket,suspend=y,address=localhost:62426 -Dfile.encoding=UTF-8 
java_command: br.com.caelum.vraptor.MethodHandlerComparison
Launcher Type: SUN_STANDARD

Environment Variables:
PATH=/usr/bin:/bin:/usr/sbin:/sbin
SHELL=/bin/bash
DISPLAY=/tmp/launch-87AnZg/org.macosforge.xquartz:0

Signal Handlers:
SIGSEGV: [libjvm.dylib+0x4a1961], sa_mask[0]=0xfffefeff, sa_flags=0x00000042
SIGBUS: [libjvm.dylib+0x4a1961], sa_mask[0]=0xfffefeff, sa_flags=0x00000042
SIGFPE: [libjvm.dylib+0x3b173d], sa_mask[0]=0xfffefeff, sa_flags=0x00000042
SIGPIPE: [libjvm.dylib+0x3b173d], sa_mask[0]=0xfffefeff, sa_flags=0x00000042
SIGXFSZ: [libjvm.dylib+0x3b173d], sa_mask[0]=0xfffefeff, sa_flags=0x00000042
SIGILL: [libjvm.dylib+0x3b173d], sa_mask[0]=0xfffefeff, sa_flags=0x00000042
SIGUSR1: SIG_DFL, sa_mask[0]=0x00000000, sa_flags=0x00000002
SIGUSR2: [libjvm.dylib+0x3b12ca], sa_mask[0]=0x00000004, sa_flags=0x00000042
SIGHUP: [libjvm.dylib+0x3af4ef], sa_mask[0]=0xfffefeff, sa_flags=0x00000042
SIGINT: [libjvm.dylib+0x3af4ef], sa_mask[0]=0xfffefeff, sa_flags=0x00000042
SIGTERM: [libjvm.dylib+0x3af4ef], sa_mask[0]=0xfffefeff, sa_flags=0x00000042
SIGQUIT: [libjvm.dylib+0x3af4ef], sa_mask[0]=0xfffefeff, sa_flags=0x00000042


---------------  S Y S T E M  ---------------

OS:Bsd
uname:Darwin 12.4.0 Darwin Kernel Version 12.4.0: Wed May  1 17:57:12 PDT 2013; root:xnu-2050.24.15~1/RELEASE_X86_64 x86_64
rlimit: STACK 8192k, CORE 0k, NPROC 709, NOFILE 10240
CPU:total 4 (2 cores per cpu, 2 threads per core) family 6 model 42 stepping 7, cmov, cx8, fxsr, mmx, sse, sse2, sse3, ssse3, sse4.1, sse4.2, popcnt, avx, ht, tsc, tscinvbit

Memory: 4k page, physical 4885504k(1221376k free)

/proc/meminfo:


vm_info: Java HotSpot(TM) 64-Bit Server VM (23.1-b03) for bsd-amd64 JRE (1.7.0_05-b06), built on Jun 27 2012 00:35:26 by "java_re" with gcc 4.2.1 (Based on Apple Inc. build 5658) (LLVM build 2336.1.00)

time: Thu Sep 26 15:05:51 2013
elapsed time: 0 seconds

